<?xml version="1.0" encoding="UTF-8"?>
<!-- Generated by org.testng.reporters.JUnitReportReporter -->
<testsuite hostname="WKSBAN36ARYTR03" failures="0" tests="1" name="com.trainee.com.DesiredCapabilities_chromeOptions" time="9.605" errors="0" timestamp="2026-02-19T12:39:19 IST" skipped="0">
  <testcase classname="com.trainee.com.DesiredCapabilities_chromeOptions" name="localCapabilities_modernOptions_demo" time="9.605"/>
</testsuite> <!-- com.trainee.com.DesiredCapabilities_chromeOptions -->
